<?xml version="1.0" encoding="UTF-8"?>
<testsuite name="org.example.ins_loginTest" tests="3" skipped="0" failures="0" errors="0" timestamp="2023-03-08T12:19:35" hostname="DELL-VISHNU1097" time="0.928">
  <properties/>
  <testcase name="correctCreds()" classname="org.example.ins_loginTest" time="0.653"/>
  <testcase name="correctupdate()" classname="org.example.ins_loginTest" time="0.136"/>
  <testcase name="testDelete()" classname="org.example.ins_loginTest" time="0.135"/>
  <system-out><![CDATA[]]></system-out>
  <system-err><![CDATA[]]></system-err>
</testsuite>
